<?xml version="1.0" encoding="UTF-8"?>
<!-- Generated by org.testng.reporters.JUnitXMLReporter -->
<testsuite hostname="LAPTOP-JSJKEO95" ignored="1" tests="1" failures="1" timestamp="11 фев 2019 20:07:15 GMT" time="0.027" errors="0">
  <testcase name="testOpenSite" time="0.001" classname="BookingTest">
    <failure type="java.lang.NullPointerException">
      <![CDATA[java.lang.NullPointerException
at BookingTest.testOpenSite(BookingTest.java:21)
... Removed 35 stack frames]]>
    </failure>
  </testcase> <!-- testOpenSite -->
  <testcase name="@BeforeSuite setEnvironment" time="0.0" classname="BaseTest">
    <ignored/>
  </testcase> <!-- @BeforeSuite setEnvironment -->
</testsuite>
