-------------------------------------------------------------------------------
Test set: TestSuite
-------------------------------------------------------------------------------
Tests run: 1, Failures: 1, Errors: 0, Skipped: 0, Time elapsed: 14.333 sec <<< FAILURE!
testOpenSite(BookingTest)  Time elapsed: 0.007 sec  <<< FAILURE!
java.lang.NullPointerException
	at BookingTest.testOpenSite(BookingTest.java:21)

